[
  {
    "level": "INFO",
    "message": "android.ndkVersion from module build.gradle is [20.0.5594570]"
  },
  {
    "level": "INFO",
    "message": "android.ndkPath from module build.gradle is not set"
  },
  {
    "level": "INFO",
    "message": "ndk.dir in local.properties is not set"
  },
  {
    "level": "INFO",
    "message": "Not considering ANDROID_NDK_HOME because support was removed after deprecation period."
  },
  {
    "level": "INFO",
    "message": "sdkFolder is /home/lekhra/Android/Sdk"
  },
  {
    "level": "INFO",
    "message": "Folder /home/lekhra/Android/Sdk/ndk/20.0.5594570 does not exist. Ignoring."
  },
  {
    "level": "INFO",
    "message": "No NDK was found. Trying to download it now."
  }
]